 nprocs =            5
 done initmpi
 namoptions.001                                                                            
 nprocs =            5
 done initmpi
 starting broadcast
 nprocs =            5
 done initmpi
 starting broadcast
 nprocs =            5
 done initmpi
 starting broadcast
 nprocs =            5
 done initmpi
 starting broadcast
&RUN
 IEXPNR=1          ,
 LWARMSTART=F,
 LSTRATSTART=F,
 STARTFILE="                                                                                          ",
 RUNTIME=  61.000000000000000     ,
 DTMAX=  1.0000000000000000     ,
 TRESTART=  10000.000000000000     ,
 LADAPTIVE=T,
 IRANDOM=1          ,
 RANDU=  1.0000000000000000E-002,
 RANDTHL=  1.0000000000000000E-003,
 RANDQT=  2.5000000000000001E-003,
 KRAND=2147483647 ,
 COURANT= -1.0000000000000000     ,
 DIFFNR= 0.25000000000000000     ,
 AUTHOR="                                                                                ",
 LIBM=T,
 LLES=T,
 LPER2INOUT=F,
 LWALLDIST=F,
 LREADMEAN=F,
 /
&DOMAIN
 IMAX=100        ,
 JTOT=100        ,
 KMAX=100        ,
 XSIZE=  100.00000000000000     ,
 YSIZE=  100.00000000000000     ,
 XLAT=  52.000000000000000     ,
 XLON=  0.0000000000000000     ,
 XDAY=  1.0000000000000000     ,
 XTIME=  0.0000000000000000     ,
 KSP=-1         ,
 /
&PHYSICS
 PS=  100902.43370081618     ,
 IGRW_DAMP=0          ,
 LMOIST=F,
 LCORIOL=F,
 LBUOYANCY=T,
 LTEMPEQ=T,
 LPROFFORC=F,
 IFIXUINF=0          ,
 LVINF=F,
 TSCALE=  0.0000000000000000     ,
 DPDX=  0.0000000000000000     ,
 LUOUTFLOWR=T,
 LVOUTFLOWR=T,
 LUVOLFLOWR=F,
 LVVOLFLOWR=F,
 UFLOWRATE=  2.8941809627625741     ,
 VFLOWRATE=  2.3772166503035792     ,
 LNUDGE=F,
 TNUDGE=  50.000000000000000     ,
 NNUDGE=10         ,
 /
&DYNAMICS
 LQLNR=F,
 IPOISS=0          ,
 IADV_MOM=2          ,
 IADV_TKE=-1         ,
 IADV_THL=2          ,
 IADV_QT=-1         ,
 IADV_SV=7          , 99*-1         ,
 /
&BC
 BCXM=1          ,
 BCXT=1          ,
 BCXQ=1          ,
 BCXS=2          ,
 BCYM=1          ,
 BCYT=1          ,
 BCYQ=1          ,
 BCYS=1          ,
 BCTOPM=1          ,
 BCTOPT=1          ,
 BCTOPQ=1          ,
 BCTOPS=1          ,
 BCBOTM=2          ,
 BCBOTT=1          ,
 BCBOTQ=1          ,
 BCBOTS=1          ,
 BCTFXM=  0.0000000000000000     ,
 BCTFXP=  0.0000000000000000     ,
 BCTFYM=  0.0000000000000000     ,
 BCTFYP=  0.0000000000000000     ,
 BCTFZ=  0.0000000000000000     ,
 WTTOP=  0.0000000000000000     ,
 THL_TOP=  288.00000000000000     ,
 QT_TOP= -1.0000000000000000     ,
 QTS= -1.0000000000000000     ,
 WSVSURFDUM= 99*0.0000000000000000       ,
 WSVTOPDUM= 99*0.0000000000000000       ,
 WTSURF=  0.0000000000000000     ,
 WQSURF=  0.0000000000000000     ,
 THLS=  288.00000000000000     ,
 Z0=  271.93062406738301     ,
 Z0H=  6.7000000000000002E-003,
 /
&INLET
 UINF=  0.0000000000000000     ,
 VINF=  0.0000000000000000     ,
 DI=  8.9999999999999997E-002,
 DTI=  0.0000000000000000     ,
 INLETAV=  0.0000000000000000     ,
 LINLETRA=F,
 LSTOREPLANE=F,
 LREADMINL=F,
 LFIXINLET=F,
 LFIXUTAUIN=F,
 LWALLFUNC=T,
 /
&DRIVER
 IDRIVER=0          ,
 TDRIVERSTART=  0.0000000000000000     ,
 DRIVERJOBNR=0          ,
 DTDRIVER= 0.10000000000000001     ,
 DRIVERSTORE=0          ,
 IPLANE=0          ,
 LSDRIVER=F,
 /
&WALLS
 NBLOCKS=0          ,
 NFCTS=-1         ,
 IWALLMOM=2          ,
 IWALLTEMP=1          ,
 IWALLMOIST=1          ,
 IWALLSCAL=1          ,
 /
&ENERGYBALANCE
 LEB=F,
 LWRITEEBFILES=F,
 LCONSTW=F,
 DTEB=  10.000000000000000     ,
 BLDT=  0.0000000000000000     ,
 WSOIL=  0.0000000000000000     ,
 WGRMAX=  450.00000000000000     ,
 WWILT=  171.00000000000000     ,
 WFC=  313.00000000000000     ,
 SKYLW=  0.0000000000000000     ,
 GRLAI=  2.0000000000000000     ,
 RSMIN=  110.00000000000000     ,
 NWALLLAYERS=3          ,
 /
&SCALARS
 LREADSCAL=T,
 LSCASRC=T,
 LSCASRCL=F,
 LSCASRCR=F,
 NSV=1          ,
 XS=  4.0000000000000000     ,
 YS=  8.0000000000000000     ,
 ZS=  3.0000000000000000     ,
 SS=  1.0000000000000000     ,
 SIGS= 0.50000000000000000     ,
 /
&CHEMISTRY
 LCHEM=F,
 K1=  0.0000000000000000     ,
 JNO2=  0.0000000000000000     ,
 /
&OUTPUT
 LFIELDDUMP=T,
 TFIELDDUMP=  1.0000000000000000     ,
 FIELDVARS="u0,v0,w0                                          ",
 LTDUMP=F,
 LYDUMP=F,
 LYTDUMP=F,
 LXYDUMP=F,
 LXYTDUMP=T,
 LSLICEDUMP=F,
 LTKEDUMP=F,
 TSTATSDUMP=  10000.000000000000     ,
 TSAMPLE=  5.0000000000000000     ,
 /
 starting broadcast
 sec BC
 sec c
 sec d
 sec f
 sec g
 sec BC
 sec BC
 sec c
 sec d
 sec BC
 sec c
 sec d
 sec BC
 sec f
 sec c
 sec d
 sec f
 sec c
 sec d
 sec g
 sec f
 sec f
 sec g
 sec g
 sec g
 done initglobal
 done initglobal
 lev    dz     zf      zh       dzh    delta(ib,k)
 100 1.00000**************** 1.00000 1.00000
  99 1.0000099.5000099.00000 1.00000 1.00000
  98 1.0000098.5000098.00000 1.00000 1.00000
  97 1.0000097.5000097.00000 1.00000 1.00000
  96 1.0000096.5000096.00000 1.00000 1.00000
  95 1.0000095.5000095.00000 1.00000 1.00000
  94 1.0000094.5000094.00000 1.00000 1.00000
  93 1.0000093.5000093.00000 1.00000 1.00000
  92 1.0000092.5000092.00000 1.00000 1.00000
  91 1.0000091.5000091.00000 1.00000 1.00000
  90 1.0000090.5000090.00000 1.00000 1.00000
 done initglobal
 done initglobal
  89 1.0000089.5000089.00000 1.00000 1.00000
  88 1.0000088.5000088.00000 1.00000 1.00000
  87 1.0000087.5000087.00000 1.00000 1.00000
  86 1.0000086.5000086.00000 1.00000 1.00000
  85 1.0000085.5000085.00000 1.00000 1.00000
  84 1.0000084.5000084.00000 1.00000 1.00000
  83 1.0000083.5000083.00000 1.00000 1.00000
  82 1.0000082.5000082.00000 1.00000 1.00000
  81 1.0000081.5000081.00000 1.00000 1.00000
  80 1.0000080.5000080.00000 1.00000 1.00000
  79 1.0000079.5000079.00000 1.00000 1.00000
  78 1.0000078.5000078.00000 1.00000 1.00000
  77 1.0000077.5000077.00000 1.00000 1.00000
  76 1.0000076.5000076.00000 1.00000 1.00000
  75 1.0000075.5000075.00000 1.00000 1.00000
  74 1.0000074.5000074.00000 1.00000 1.00000
  73 1.0000073.5000073.00000 1.00000 1.00000
  72 1.0000072.5000072.00000 1.00000 1.00000
  71 1.0000071.5000071.00000 1.00000 1.00000
  70 1.0000070.5000070.00000 1.00000 1.00000
  69 1.0000069.5000069.00000 1.00000 1.00000
  68 1.0000068.5000068.00000 1.00000 1.00000
  67 1.0000067.5000067.00000 1.00000 1.00000
  66 1.0000066.5000066.00000 1.00000 1.00000
  65 1.0000065.5000065.00000 1.00000 1.00000
  64 1.0000064.5000064.00000 1.00000 1.00000
  63 1.0000063.5000063.00000 1.00000 1.00000
  62 1.0000062.5000062.00000 1.00000 1.00000
  61 1.0000061.5000061.00000 1.00000 1.00000
  60 1.0000060.5000060.00000 1.00000 1.00000
  59 1.0000059.5000059.00000 1.00000 1.00000
  58 1.0000058.5000058.00000 1.00000 1.00000
  57 1.0000057.5000057.00000 1.00000 1.00000
  56 1.0000056.5000056.00000 1.00000 1.00000
  55 1.0000055.5000055.00000 1.00000 1.00000
  54 1.0000054.5000054.00000 1.00000 1.00000
  53 1.0000053.5000053.00000 1.00000 1.00000
  52 1.0000052.5000052.00000 1.00000 1.00000
  51 1.0000051.5000051.00000 1.00000 1.00000
  50 1.0000050.5000050.00000 1.00000 1.00000
  49 1.0000049.5000049.00000 1.00000 1.00000
  48 1.0000048.5000048.00000 1.00000 1.00000
  47 1.0000047.5000047.00000 1.00000 1.00000
  46 1.0000046.5000046.00000 1.00000 1.00000
  45 1.0000045.5000045.00000 1.00000 1.00000
  44 1.0000044.5000044.00000 1.00000 1.00000
  43 1.0000043.5000043.00000 1.00000 1.00000
  42 1.0000042.5000042.00000 1.00000 1.00000
  41 1.0000041.5000041.00000 1.00000 1.00000
  40 1.0000040.5000040.00000 1.00000 1.00000
  39 1.0000039.5000039.00000 1.00000 1.00000
  38 1.0000038.5000038.00000 1.00000 1.00000
  37 1.0000037.5000037.00000 1.00000 1.00000
  36 1.0000036.5000036.00000 1.00000 1.00000
  35 1.0000035.5000035.00000 1.00000 1.00000
  34 1.0000034.5000034.00000 1.00000 1.00000
  33 1.0000033.5000033.00000 1.00000 1.00000
  32 1.0000032.5000032.00000 1.00000 1.00000
  31 1.0000031.5000031.00000 1.00000 1.00000
  30 1.0000030.5000030.00000 1.00000 1.00000
  29 1.0000029.5000029.00000 1.00000 1.00000
  28 1.0000028.5000028.00000 1.00000 1.00000
  27 1.0000027.5000027.00000 1.00000 1.00000
  26 1.0000026.5000026.00000 1.00000 1.00000
  25 1.0000025.5000025.00000 1.00000 1.00000
  24 1.0000024.5000024.00000 1.00000 1.00000
  23 1.0000023.5000023.00000 1.00000 1.00000
  22 1.0000022.5000022.00000 1.00000 1.00000
  21 1.0000021.5000021.00000 1.00000 1.00000
  20 1.0000020.5000020.00000 1.00000 1.00000
  19 1.0000019.5000019.00000 1.00000 1.00000
  18 1.0000018.5000018.00000 1.00000 1.00000
  17 1.0000017.5000017.00000 1.00000 1.00000
  16 1.0000016.5000016.00000 1.00000 1.00000
  15 1.0000015.5000015.00000 1.00000 1.00000
  14 1.0000014.5000014.00000 1.00000 1.00000
  13 1.0000013.5000013.00000 1.00000 1.00000
  12 1.0000012.5000012.00000 1.00000 1.00000
  11 1.0000011.5000011.00000 1.00000 1.00000
  10 1.0000010.5000010.00000 1.00000 1.00000
   9 1.00000 9.50000 9.00000 1.00000 1.00000
   8 1.00000 8.50000 8.00000 1.00000 1.00000
   7 1.00000 7.50000 7.00000 1.00000 1.00000
   6 1.00000 6.50000 6.00000 1.00000 1.00000
   5 1.00000 5.50000 5.00000 1.00000 1.00000
   4 1.00000 4.50000 4.00000 1.00000 1.00000
   3 1.00000 3.50000 3.00000 1.00000 1.00000
   2 1.00000 2.50000 2.00000 1.00000 1.00000
   1 1.00000 1.50000 1.00000 1.00000 1.00000
   0 1.00000 0.50000 0.00000 1.00000 1.00000
 lev    dxf     xf      xh       dxh    delta(i,kb)
 101  1.00000100.50000100.00000  1.00000  1.00000
 100  1.00000 99.50000 99.00000  1.00000  1.00000
  99  1.00000 98.50000 98.00000  1.00000  1.00000
  98  1.00000 97.50000 97.00000  1.00000  1.00000
  97  1.00000 96.50000 96.00000  1.00000  1.00000
  96  1.00000 95.50000 95.00000  1.00000  1.00000
  95  1.00000 94.50000 94.00000  1.00000  1.00000
  94  1.00000 93.50000 93.00000  1.00000  1.00000
  93  1.00000 92.50000 92.00000  1.00000  1.00000
  92  1.00000 91.50000 91.00000  1.00000  1.00000
  91  1.00000 90.50000 90.00000  1.00000  1.00000
  90  1.00000 89.50000 89.00000  1.00000  1.00000
  89  1.00000 88.50000 88.00000  1.00000  1.00000
  88  1.00000 87.50000 87.00000  1.00000  1.00000
  87  1.00000 86.50000 86.00000  1.00000  1.00000
  86  1.00000 85.50000 85.00000  1.00000  1.00000
  85  1.00000 84.50000 84.00000  1.00000  1.00000
  84  1.00000 83.50000 83.00000  1.00000  1.00000
  83  1.00000 82.50000 82.00000  1.00000  1.00000
  82  1.00000 81.50000 81.00000  1.00000  1.00000
  81  1.00000 80.50000 80.00000  1.00000  1.00000
  80  1.00000 79.50000 79.00000  1.00000  1.00000
  79  1.00000 78.50000 78.00000  1.00000  1.00000
  78  1.00000 77.50000 77.00000  1.00000  1.00000
  77  1.00000 76.50000 76.00000  1.00000  1.00000
  76  1.00000 75.50000 75.00000  1.00000  1.00000
  75  1.00000 74.50000 74.00000  1.00000  1.00000
  74  1.00000 73.50000 73.00000  1.00000  1.00000
  73  1.00000 72.50000 72.00000  1.00000  1.00000
  72  1.00000 71.50000 71.00000  1.00000  1.00000
  71  1.00000 70.50000 70.00000  1.00000  1.00000
  70  1.00000 69.50000 69.00000  1.00000  1.00000
  69  1.00000 68.50000 68.00000  1.00000  1.00000
  68  1.00000 67.50000 67.00000  1.00000  1.00000
  67  1.00000 66.50000 66.00000  1.00000  1.00000
  66  1.00000 65.50000 65.00000  1.00000  1.00000
  65  1.00000 64.50000 64.00000  1.00000  1.00000
  64  1.00000 63.50000 63.00000  1.00000  1.00000
  63  1.00000 62.50000 62.00000  1.00000  1.00000
  62  1.00000 61.50000 61.00000  1.00000  1.00000
  61  1.00000 60.50000 60.00000  1.00000  1.00000
  60  1.00000 59.50000 59.00000  1.00000  1.00000
  59  1.00000 58.50000 58.00000  1.00000  1.00000
  58  1.00000 57.50000 57.00000  1.00000  1.00000
  57  1.00000 56.50000 56.00000  1.00000  1.00000
  56  1.00000 55.50000 55.00000  1.00000  1.00000
  55  1.00000 54.50000 54.00000  1.00000  1.00000
  54  1.00000 53.50000 53.00000  1.00000  1.00000
  53  1.00000 52.50000 52.00000  1.00000  1.00000
  52  1.00000 51.50000 51.00000  1.00000  1.00000
  51  1.00000 50.50000 50.00000  1.00000  1.00000
  50  1.00000 49.50000 49.00000  1.00000  1.00000
  49  1.00000 48.50000 48.00000  1.00000  1.00000
  48  1.00000 47.50000 47.00000  1.00000  1.00000
  47  1.00000 46.50000 46.00000  1.00000  1.00000
  46  1.00000 45.50000 45.00000  1.00000  1.00000
  45  1.00000 44.50000 44.00000  1.00000  1.00000
  44  1.00000 43.50000 43.00000  1.00000  1.00000
  43  1.00000 42.50000 42.00000  1.00000  1.00000
  42  1.00000 41.50000 41.00000  1.00000  1.00000
  41  1.00000 40.50000 40.00000  1.00000  1.00000
  40  1.00000 39.50000 39.00000  1.00000  1.00000
  39  1.00000 38.50000 38.00000  1.00000  1.00000
  38  1.00000 37.50000 37.00000  1.00000  1.00000
  37  1.00000 36.50000 36.00000  1.00000  1.00000
  36  1.00000 35.50000 35.00000  1.00000  1.00000
  35  1.00000 34.50000 34.00000  1.00000  1.00000
  34  1.00000 33.50000 33.00000  1.00000  1.00000
  33  1.00000 32.50000 32.00000  1.00000  1.00000
  32  1.00000 31.50000 31.00000  1.00000  1.00000
  31  1.00000 30.50000 30.00000  1.00000  1.00000
  30  1.00000 29.50000 29.00000  1.00000  1.00000
  29  1.00000 28.50000 28.00000  1.00000  1.00000
  28  1.00000 27.50000 27.00000  1.00000  1.00000
  27  1.00000 26.50000 26.00000  1.00000  1.00000
  26  1.00000 25.50000 25.00000  1.00000  1.00000
  25  1.00000 24.50000 24.00000  1.00000  1.00000
  24  1.00000 23.50000 23.00000  1.00000  1.00000
  23  1.00000 22.50000 22.00000  1.00000  1.00000
  22  1.00000 21.50000 21.00000  1.00000  1.00000
  21  1.00000 20.50000 20.00000  1.00000  1.00000
  20  1.00000 19.50000 19.00000  1.00000  1.00000
  19  1.00000 18.50000 18.00000  1.00000  1.00000
  18  1.00000 17.50000 17.00000  1.00000  1.00000
  17  1.00000 16.50000 16.00000  1.00000  1.00000
  16  1.00000 15.50000 15.00000  1.00000  1.00000
  15  1.00000 14.50000 14.00000  1.00000  1.00000
  14  1.00000 13.50000 13.00000  1.00000  1.00000
  13  1.00000 12.50000 12.00000  1.00000  1.00000
  12  1.00000 11.50000 11.00000  1.00000  1.00000
  11  1.00000 10.50000 10.00000  1.00000  1.00000
  10  1.00000  9.50000  9.00000  1.00000  1.00000
   9  1.00000  8.50000  8.00000  1.00000  1.00000
   8  1.00000  7.50000  7.00000  1.00000  1.00000
   7  1.00000  6.50000  6.00000  1.00000  1.00000
   6  1.00000  5.50000  5.00000  1.00000  1.00000
   5  1.00000  4.50000  4.00000  1.00000  1.00000
   4  1.00000  3.50000  3.00000  1.00000  1.00000
   3  1.00000  2.50000  2.00000  1.00000  1.00000
   2  1.00000  1.50000  1.00000  1.00000  1.00000
   1  1.00000  0.50000  0.00000  1.00000  1.00000
 done initglobal
